<?xml version="1.0" encoding="UTF-8"?>
<!-- Generated by org.testng.reporters.JUnitReportReporter -->
<testsuite hostname="USMUMDRAWAT23" failures="0" tests="1" name="LPMAOSeleniumPOC.TestLoginPage" time="198.097" errors="0" timestamp="2024-02-16T20:25:33 IST" skipped="0">
  <testcase classname="LPMAOSeleniumPOC.TestLoginPage" name="testHomePageHasAHeader" time="198.097"/>
  <system-out/>
</testsuite> <!-- LPMAOSeleniumPOC.TestLoginPage -->
