<?xml version="1.0" encoding="UTF-8"?>
<!-- Generated by org.testng.reporters.JUnitReportReporter -->
<testsuite hostname="USMUMDRAWAT23" failures="0" tests="1" name="LPMAOSeleniumPOC.TestLoginPage" time="125.241" errors="0" timestamp="2024-02-16T17:56:18 IST" skipped="0">
  <testcase classname="LPMAOSeleniumPOC.TestLoginPage" name="testHomePageHasAHeader" time="125.241"/>
  <system-out/>
</testsuite> <!-- LPMAOSeleniumPOC.TestLoginPage -->
